[0.000000] (-) TimerEvent: {}
[0.000164] (ros_exercises) JobQueued: {'identifier': 'ros_exercises', 'dependencies': OrderedDict()}
[0.000248] (ros_exercises) JobStarted: {'identifier': 'ros_exercises'}
[0.099321] (-) TimerEvent: {}
[0.201067] (-) TimerEvent: {}
[0.305421] (-) TimerEvent: {}
[0.409630] (-) TimerEvent: {}
[0.491223] (ros_exercises) Command: {'cmd': ['/usr/bin/python3', 'setup.py', 'develop', '--editable', '--build-directory', '/home/racecar/racecar_ws/src/lab1c/ros_exercises/build/ros_exercises/build', '--no-deps', 'install_data'], 'cwd': '/home/racecar/racecar_ws/src/lab1c/ros_exercises/build/ros_exercises', 'env': {'VNCDESKTOP': '0825d59f2271:1 (racecar)', 'PYTHONIOENCODING': 'utf-8', 'HOSTNAME': '0825d59f2271', 'SHLVL': '2', 'LD_LIBRARY_PATH': '/home/racecar/racecar_ws/install/custom_msgs/lib:/opt/ros/foxy/opt/yaml_cpp_vendor/lib:/opt/ros/foxy/opt/rviz_ogre_vendor/lib:/opt/ros/foxy/lib/aarch64-linux-gnu:/opt/ros/foxy/lib', 'HOME': '/home/racecar', 'OLDPWD': '/home/racecar/racecar_ws', 'ROS_PYTHON_VERSION': '3', 'COLCON_PREFIX_PATH': '/home/racecar/racecar_ws/install:/home/sim_ws/install', 'ROS_DISTRO': 'foxy', 'LOGNAME': 'racecar', 'WINDOWID': '4194317', '_': '/usr/bin/colcon', 'ROS_VERSION': '2', 'XTERM_SHELL': '/bin/bash', 'TERM': 'xterm', 'ROS_LOCALHOST_ONLY': '0', 'PATH': '/opt/ros/foxy/bin:/usr/local/sbin:/usr/local/bin:/usr/sbin:/usr/bin:/sbin:/bin', 'DISPLAY': ':1', 'LANG': 'en_US.UTF-8', 'AMENT_PREFIX_PATH': '/home/sim_ws/install/racecar_simulator:/home/racecar/racecar_ws/install/ros_exercises:/opt/ros/foxy', 'SHELL': '/bin/bash', 'SIM_WS': '/home/sim_ws', 'PWD': '/home/racecar/racecar_ws/src/lab1c/ros_exercises/build/ros_exercises', 'XTERM_LOCALE': 'en_US.UTF-8', 'XTERM_VERSION': 'XTerm(353)', 'PYTHONPATH': '/home/racecar/racecar_ws/src/lab1c/ros_exercises/build/ros_exercises/prefix_override:/home/racecar/racecar_ws/src/lab1c/ros_exercises/install/ros_exercises/lib/python3.8/site-packages:/home/racecar/racecar_ws/build/ros_exercises:/home/racecar/racecar_ws/install/ros_exercises/lib/python3.8/site-packages:/home/racecar/racecar_ws/install/custom_msgs/lib/python3.8/site-packages:/opt/ros/foxy/lib/python3.8/site-packages', 'NO_VNC_VERSION': '1.4.0', 'COLCON': '1', 'CMAKE_PREFIX_PATH': '/home/sim_ws/install/racecar_simulator:/home/racecar/racecar_ws/install/custom_msgs'}, 'shell': False}
[0.512577] (-) TimerEvent: {}
[0.604669] (ros_exercises) StdoutLine: {'line': b'running develop\n'}
[0.613464] (-) TimerEvent: {}
[0.657853] (ros_exercises) StdoutLine: {'line': b'running egg_info\n'}
[0.658469] (ros_exercises) StdoutLine: {'line': b'creating ros_exercises.egg-info\n'}
[0.660242] (ros_exercises) StdoutLine: {'line': b'writing ros_exercises.egg-info/PKG-INFO\n'}
[0.661764] (ros_exercises) StdoutLine: {'line': b'writing dependency_links to ros_exercises.egg-info/dependency_links.txt\n'}
[0.663280] (ros_exercises) StdoutLine: {'line': b'writing entry points to ros_exercises.egg-info/entry_points.txt\n'}
[0.664528] (ros_exercises) StdoutLine: {'line': b'writing requirements to ros_exercises.egg-info/requires.txt\n'}
[0.665598] (ros_exercises) StdoutLine: {'line': b'writing top-level names to ros_exercises.egg-info/top_level.txt\n'}
[0.668386] (ros_exercises) StdoutLine: {'line': b"writing manifest file 'ros_exercises.egg-info/SOURCES.txt'\n"}
[0.686474] (ros_exercises) StdoutLine: {'line': b"reading manifest file 'ros_exercises.egg-info/SOURCES.txt'\n"}
[0.689155] (ros_exercises) StdoutLine: {'line': b"writing manifest file 'ros_exercises.egg-info/SOURCES.txt'\n"}
[0.711119] (ros_exercises) StdoutLine: {'line': b'running build_ext\n'}
[0.711680] (ros_exercises) StdoutLine: {'line': b'Creating /home/racecar/racecar_ws/src/lab1c/ros_exercises/install/ros_exercises/lib/python3.8/site-packages/site.py\n'}
[0.714549] (-) TimerEvent: {}
[0.722379] (ros_exercises) StdoutLine: {'line': b'Creating /home/racecar/racecar_ws/src/lab1c/ros_exercises/install/ros_exercises/lib/python3.8/site-packages/ros-exercises.egg-link (link to .)\n'}
[0.726496] (ros_exercises) StdoutLine: {'line': b'Installing fake_scan_publisher script to /home/racecar/racecar_ws/src/lab1c/ros_exercises/install/ros_exercises/lib/ros_exercises\n'}
[0.728405] (ros_exercises) StdoutLine: {'line': b'Installing open_space_publisher script to /home/racecar/racecar_ws/src/lab1c/ros_exercises/install/ros_exercises/lib/ros_exercises\n'}
[0.730002] (ros_exercises) StdoutLine: {'line': b'Installing simple_publisher script to /home/racecar/racecar_ws/src/lab1c/ros_exercises/install/ros_exercises/lib/ros_exercises\n'}
[0.731641] (ros_exercises) StdoutLine: {'line': b'Installing simple_subscriber script to /home/racecar/racecar_ws/src/lab1c/ros_exercises/install/ros_exercises/lib/ros_exercises\n'}
[0.736633] (ros_exercises) StdoutLine: {'line': b'\n'}
[0.737199] (ros_exercises) StdoutLine: {'line': b'Installed /home/racecar/racecar_ws/src/lab1c/ros_exercises/build/ros_exercises\n'}
[0.737447] (ros_exercises) StdoutLine: {'line': b'running install_data\n'}
[0.737911] (ros_exercises) StdoutLine: {'line': b'creating /home/racecar/racecar_ws/src/lab1c/ros_exercises/install/ros_exercises/share/ament_index\n'}
[0.738217] (ros_exercises) StdoutLine: {'line': b'creating /home/racecar/racecar_ws/src/lab1c/ros_exercises/install/ros_exercises/share/ament_index/resource_index\n'}
[0.738831] (ros_exercises) StdoutLine: {'line': b'creating /home/racecar/racecar_ws/src/lab1c/ros_exercises/install/ros_exercises/share/ament_index/resource_index/packages\n'}
[0.739861] (ros_exercises) StdoutLine: {'line': b'copying resource/ros_exercises -> /home/racecar/racecar_ws/src/lab1c/ros_exercises/install/ros_exercises/share/ament_index/resource_index/packages\n'}
[0.740676] (ros_exercises) StdoutLine: {'line': b'copying package.xml -> /home/racecar/racecar_ws/src/lab1c/ros_exercises/install/ros_exercises/share/ros_exercises\n'}
[0.753708] (ros_exercises) StdoutLine: {'line': b'creating /home/racecar/racecar_ws/src/lab1c/ros_exercises/install/ros_exercises/share/ros_exercises/launch\n'}
[0.754162] (ros_exercises) StdoutLine: {'line': b'copying launch/my_first_launch.launch.xml -> /home/racecar/racecar_ws/src/lab1c/ros_exercises/install/ros_exercises/share/ros_exercises/launch\n'}
[0.772132] (ros_exercises) CommandEnded: {'returncode': 0}
[0.815804] (-) TimerEvent: {}
[0.854986] (ros_exercises) JobEnded: {'identifier': 'ros_exercises', 'rc': 0}
[0.856872] (-) EventReactorShutdown: {}
